Arguments: 
  C:\Program Files\nodejs\node.exe C:\Users\Windows_10\AppData\Roaming\npm\node_modules\yarn\bin\yarn.js add react-icons --save

PATH: 
  C:\Windows\system32;C:\Windows;C:\Windows\System32\Wbem;C:\Windows\System32\WindowsPowerShell\v1.0\;C:\Windows\System32\OpenSSH\;C:\Program Files (x86)\Common Files\Acronis\SnapAPI\;C:\Program Files (x86)\Common Files\Acronis\VirtualFile\;C:\Program Files (x86)\Common Files\Acronis\VirtualFile64\;C:\Program Files\nodejs\;C:\Users\Windows_10\AppData\Local\Microsoft\WindowsApps;C:\Users\Windows_10\AppData\Roaming\npm;C:\Users\Windows_10\AppData\Local\Programs\Microsoft VS Code\bin;C:\ProgramData\Windows_10\GitHubDesktop\bin

Yarn version: 
  1.22.11

Node version: 
  14.17.6

Platform: 
  win32 x64

Trace: 
  Error: connect ECONNREFUSED 104.16.19.35:443
      at TCPConnectWrap.afterConnect [as oncomplete] (net.js:1148:16)

npm manifest: 
  No manifest

yarn manifest: 
  No manifest

Lockfile: 
  # THIS IS AN AUTOGENERATED FILE. DO NOT EDIT THIS FILE DIRECTLY.
  # yarn lockfile v1
